(0000) 3000  0011000000000000 (   6)                 .ORIG x3000
(3000) 5260  0101001001100000 (   7)                 AND   R1 R1 #0
(3001) 5920  0101100100100000 (   8)                 AND   R4 R4 #0
(3002) 192A  0001100100101010 (   9)                 ADD   R4 R4 #10
(3003) E40C  1110010000001100 (  10)                 LEA   R2 Data
(3004) 6680  0110011010000000 (  13) Loop            LDR   R3 R2 #0
(3005) 1243  0001001001000011 (  14)                 ADD   R1 R1 R3
(3006) 14A1  0001010010100001 (  15)                 ADD   R2 R2 #1
(3007) 193F  0001100100111111 (  16)                 ADD   R4 R4 #-1
(3008) 03FB  0000001111111011 (  17)                 BRP   Loop
(3009) F025  1111000000100101 (  19)                 TRAP  x25
(300A) 0000  0000000000000000 (  22)                 .FILL x0000
(300B) 0000  0000000000000000 (  22)                 .FILL x0000
(300C) 0000  0000000000000000 (  22)                 .FILL x0000
(300D) 0000  0000000000000000 (  22)                 .FILL x0000
(300E) 0000  0000000000000000 (  22)                 .FILL x0000
(300F) 0000  0000000000000000 (  22)                 .FILL x0000
(3010) 3107  0011000100000111 (  22) Data            .FILL x3107
(3011) 2819  0010100000011001 (  23)                 .FILL x2819
(3012) 0110  0000000100010000 (  24)                 .FILL x0110
(3013) 0310  0000001100010000 (  25)                 .FILL x0310
(3014) 0110  0000000100010000 (  26)                 .FILL x0110
(3015) 1110  0001000100010000 (  27)                 .FILL x1110
(3016) 11B1  0001000110110001 (  28)                 .FILL x11B1
(3017) 0019  0000000000011001 (  29)                 .FILL x0019
(3018) 0007  0000000000000111 (  30)                 .FILL x0007
(3019) 0004  0000000000000100 (  31)                 .FILL x0004
